This is pdfTeX, Version 3.14159265-2.6-1.40.19 (TeX Live 2018/Arch Linux) (preloaded format=pdflatex 2019.4.26)  28 MAY 2019 15:16
entering extended mode
 \write18 enabled.
 %&-line parsing enabled.
**main
(./main.tex
LaTeX2e <2018-12-01>
(/usr/share/texmf-dist/tex/latex/base/article.cls
Document Class: article 2018/09/03 v1.4i Standard LaTeX document class
(/usr/share/texmf-dist/tex/latex/base/size10.clo
File: size10.clo 2018/09/03 v1.4i Standard LaTeX file (size option)
)
\c@part=\count80
\c@section=\count81
\c@subsection=\count82
\c@subsubsection=\count83
\c@paragraph=\count84
\c@subparagraph=\count85
\c@figure=\count86
\c@table=\count87
\abovecaptionskip=\skip41
\belowcaptionskip=\skip42
\bibindent=\dimen102
)
(/usr/share/texmf-dist/tex/latex/base/inputenc.sty
Package: inputenc 2018/08/11 v1.3c Input encoding file
\inpenc@prehook=\toks14
\inpenc@posthook=\toks15
)
(/usr/share/texmf-dist/tex/latex/base/fontenc.sty
Package: fontenc 2018/08/11 v2.0j Standard LaTeX package

(/usr/share/texmf-dist/tex/latex/base/t1enc.def
File: t1enc.def 2018/08/11 v2.0j Standard LaTeX file
LaTeX Font Info:    Redeclaring font encoding T1 on input line 48.
))
(/usr/share/texmf-dist/tex/latex/amsmath/amsmath.sty
Package: amsmath 2018/12/01 v2.17b AMS math features
\@mathmargin=\skip43

For additional information on amsmath, use the `?' option.
(/usr/share/texmf-dist/tex/latex/amsmath/amstext.sty
Package: amstext 2000/06/29 v2.01 AMS text

(/usr/share/texmf-dist/tex/latex/amsmath/amsgen.sty
File: amsgen.sty 1999/11/30 v2.0 generic functions
\@emptytoks=\toks16
\ex@=\dimen103
))
(/usr/share/texmf-dist/tex/latex/amsmath/amsbsy.sty
Package: amsbsy 1999/11/29 v1.2d Bold Symbols
\pmbraise@=\dimen104
)
(/usr/share/texmf-dist/tex/latex/amsmath/amsopn.sty
Package: amsopn 2016/03/08 v2.02 operator names
)
\inf@bad=\count88
LaTeX Info: Redefining \frac on input line 223.
\uproot@=\count89
\leftroot@=\count90
LaTeX Info: Redefining \overline on input line 385.
\classnum@=\count91
\DOTSCASE@=\count92
LaTeX Info: Redefining \ldots on input line 482.
LaTeX Info: Redefining \dots on input line 485.
LaTeX Info: Redefining \cdots on input line 606.
\Mathstrutbox@=\box27
\strutbox@=\box28
\big@size=\dimen105
LaTeX Font Info:    Redeclaring font encoding OML on input line 729.
LaTeX Font Info:    Redeclaring font encoding OMS on input line 730.
\macc@depth=\count93
\c@MaxMatrixCols=\count94
\dotsspace@=\muskip10
\c@parentequation=\count95
\dspbrk@lvl=\count96
\tag@help=\toks17
\row@=\count97
\column@=\count98
\maxfields@=\count99
\andhelp@=\toks18
\eqnshift@=\dimen106
\alignsep@=\dimen107
\tagshift@=\dimen108
\tagwidth@=\dimen109
\totwidth@=\dimen110
\lineht@=\dimen111
\@envbody=\toks19
\multlinegap=\skip44
\multlinetaggap=\skip45
\mathdisplay@stack=\toks20
LaTeX Info: Redefining \[ on input line 2844.
LaTeX Info: Redefining \] on input line 2845.
)
(/usr/share/texmf-dist/tex/latex/graphics/graphicx.sty
Package: graphicx 2017/06/01 v1.1a Enhanced LaTeX Graphics (DPC,SPQR)

(/usr/share/texmf-dist/tex/latex/graphics/keyval.sty
Package: keyval 2014/10/28 v1.15 key=value parser (DPC)
\KV@toks@=\toks21
)
(/usr/share/texmf-dist/tex/latex/graphics/graphics.sty
Package: graphics 2017/06/25 v1.2c Standard LaTeX Graphics (DPC,SPQR)

(/usr/share/texmf-dist/tex/latex/graphics/trig.sty
Package: trig 2016/01/03 v1.10 sin cos tan (DPC)
)
(/usr/share/texmf-dist/tex/latex/graphics-cfg/graphics.cfg
File: graphics.cfg 2016/06/04 v1.11 sample graphics configuration
)
Package graphics Info: Driver file: pdftex.def on input line 99.

(/usr/share/texmf-dist/tex/latex/graphics-def/pdftex.def
File: pdftex.def 2018/01/08 v1.0l Graphics/color driver for pdftex
))
\Gin@req@height=\dimen112
\Gin@req@width=\dimen113
)
(/usr/share/texmf-dist/tex/latex/minted/minted.sty
Package: minted 2017/07/19 v2.5 Yet another Pygments shim for LaTeX

(/usr/share/texmf-dist/tex/latex/oberdiek/kvoptions.sty
Package: kvoptions 2016/05/16 v3.12 Key value format for package options (HO)

(/usr/share/texmf-dist/tex/generic/oberdiek/ltxcmds.sty
Package: ltxcmds 2016/05/16 v1.23 LaTeX kernel commands for general use (HO)
)
(/usr/share/texmf-dist/tex/generic/oberdiek/kvsetkeys.sty
Package: kvsetkeys 2016/05/16 v1.17 Key value parser (HO)

(/usr/share/texmf-dist/tex/generic/oberdiek/infwarerr.sty
Package: infwarerr 2016/05/16 v1.4 Providing info/warning/error messages (HO)
)
(/usr/share/texmf-dist/tex/generic/oberdiek/etexcmds.sty
Package: etexcmds 2016/05/16 v1.6 Avoid name clashes with e-TeX commands (HO)

(/usr/share/texmf-dist/tex/generic/oberdiek/ifluatex.sty
Package: ifluatex 2016/05/16 v1.4 Provides the ifluatex switch (HO)
Package ifluatex Info: LuaTeX not detected.
)
Package etexcmds Info: Could not find \expanded.
(etexcmds)             That can mean that you are not using pdfTeX 1.50 or
(etexcmds)             that some package has redefined \expanded.
(etexcmds)             In the latter case, load this package earlier.
)))
(/usr/share/texmf-dist/tex/latex/fvextra/fvextra.sty
Package: fvextra 2019/02/04 v1.4 fvextra - extensions and patches for fancyvrb

(/usr/share/texmf-dist/tex/latex/base/ifthen.sty
Package: ifthen 2014/09/29 v1.1c Standard LaTeX ifthen package (DPC)
)
(/usr/share/texmf-dist/tex/latex/etoolbox/etoolbox.sty
Package: etoolbox 2018/08/19 v2.5f e-TeX tools for LaTeX (JAW)
\etb@tempcnta=\count100
)
(/usr/share/texmf-dist/tex/latex/fancyvrb/fancyvrb.sty
Package: fancyvrb 2019/01/15

Style option: `fancyvrb' v3.2a <2019/01/15> (tvz)
\FV@CodeLineNo=\count101
\FV@InFile=\read1
\FV@TabBox=\box29
\c@FancyVerbLine=\count102
\FV@StepNumber=\count103
\FV@OutFile=\write3
)
(/usr/share/texmf-dist/tex/latex/upquote/upquote.sty
Package: upquote 2012/04/19 v1.3 upright-quote and grave-accent glyphs in verba
tim

(/usr/share/texmf-dist/tex/latex/base/textcomp.sty
Package: textcomp 2018/08/11 v2.0j Standard LaTeX package
Package textcomp Info: Sub-encoding information:
(textcomp)               5 = only ISO-Adobe without \textcurrency
(textcomp)               4 = 5 + \texteuro
(textcomp)               3 = 4 + \textohm
(textcomp)               2 = 3 + \textestimated + \textcurrency
(textcomp)               1 = TS1 - \textcircled - \t
(textcomp)               0 = TS1 (full)
(textcomp)             Font families with sub-encoding setting implement
(textcomp)             only a restricted character set as indicated.
(textcomp)             Family '?' is the default used for unknown fonts.
(textcomp)             See the documentation for details.
Package textcomp Info: Setting ? sub-encoding to TS1/1 on input line 79.

(/usr/share/texmf-dist/tex/latex/base/ts1enc.def
File: ts1enc.def 2001/06/05 v3.0e (jk/car/fm) Standard LaTeX file
Now handling font encoding TS1 ...
... processing UTF-8 mapping file for font encoding TS1

(/usr/share/texmf-dist/tex/latex/base/ts1enc.dfu
File: ts1enc.dfu 2018/10/05 v1.2f UTF-8 support for inputenc
   defining Unicode char U+00A2 (decimal 162)
   defining Unicode char U+00A3 (decimal 163)
   defining Unicode char U+00A4 (decimal 164)
   defining Unicode char U+00A5 (decimal 165)
   defining Unicode char U+00A6 (decimal 166)
   defining Unicode char U+00A7 (decimal 167)
   defining Unicode char U+00A8 (decimal 168)
   defining Unicode char U+00A9 (decimal 169)
   defining Unicode char U+00AA (decimal 170)
   defining Unicode char U+00AC (decimal 172)
   defining Unicode char U+00AE (decimal 174)
   defining Unicode char U+00AF (decimal 175)
   defining Unicode char U+00B0 (decimal 176)
   defining Unicode char U+00B1 (decimal 177)
   defining Unicode char U+00B2 (decimal 178)
   defining Unicode char U+00B3 (decimal 179)
   defining Unicode char U+00B4 (decimal 180)
   defining Unicode char U+00B5 (decimal 181)
   defining Unicode char U+00B6 (decimal 182)
   defining Unicode char U+00B7 (decimal 183)
   defining Unicode char U+00B9 (decimal 185)
   defining Unicode char U+00BA (decimal 186)
   defining Unicode char U+00BC (decimal 188)
   defining Unicode char U+00BD (decimal 189)
   defining Unicode char U+00BE (decimal 190)
   defining Unicode char U+00D7 (decimal 215)
   defining Unicode char U+00F7 (decimal 247)
   defining Unicode char U+0192 (decimal 402)
   defining Unicode char U+02C7 (decimal 711)
   defining Unicode char U+02D8 (decimal 728)
   defining Unicode char U+02DD (decimal 733)
   defining Unicode char U+0E3F (decimal 3647)
   defining Unicode char U+2016 (decimal 8214)
   defining Unicode char U+2020 (decimal 8224)
   defining Unicode char U+2021 (decimal 8225)
   defining Unicode char U+2022 (decimal 8226)
   defining Unicode char U+2030 (decimal 8240)
   defining Unicode char U+2031 (decimal 8241)
   defining Unicode char U+203B (decimal 8251)
   defining Unicode char U+203D (decimal 8253)
   defining Unicode char U+2044 (decimal 8260)
   defining Unicode char U+204E (decimal 8270)
   defining Unicode char U+2052 (decimal 8274)
   defining Unicode char U+20A1 (decimal 8353)
   defining Unicode char U+20A4 (decimal 8356)
   defining Unicode char U+20A6 (decimal 8358)
   defining Unicode char U+20A9 (decimal 8361)
   defining Unicode char U+20AB (decimal 8363)
   defining Unicode char U+20AC (decimal 8364)
   defining Unicode char U+20B1 (decimal 8369)
   defining Unicode char U+2103 (decimal 8451)
   defining Unicode char U+2116 (decimal 8470)
   defining Unicode char U+2117 (decimal 8471)
   defining Unicode char U+211E (decimal 8478)
   defining Unicode char U+2120 (decimal 8480)
   defining Unicode char U+2122 (decimal 8482)
   defining Unicode char U+2126 (decimal 8486)
   defining Unicode char U+2127 (decimal 8487)
   defining Unicode char U+212E (decimal 8494)
   defining Unicode char U+2190 (decimal 8592)
   defining Unicode char U+2191 (decimal 8593)
   defining Unicode char U+2192 (decimal 8594)
   defining Unicode char U+2193 (decimal 8595)
   defining Unicode char U+2329 (decimal 9001)
   defining Unicode char U+232A (decimal 9002)
   defining Unicode char U+2422 (decimal 9250)
   defining Unicode char U+25E6 (decimal 9702)
   defining Unicode char U+25EF (decimal 9711)
   defining Unicode char U+266A (decimal 9834)
   defining Unicode char U+FEFF (decimal 65279)
))
LaTeX Info: Redefining \oldstylenums on input line 334.
Package textcomp Info: Setting cmr sub-encoding to TS1/0 on input line 349.
Package textcomp Info: Setting cmss sub-encoding to TS1/0 on input line 350.
Package textcomp Info: Setting cmtt sub-encoding to TS1/0 on input line 351.
Package textcomp Info: Setting cmvtt sub-encoding to TS1/0 on input line 352.
Package textcomp Info: Setting cmbr sub-encoding to TS1/0 on input line 353.
Package textcomp Info: Setting cmtl sub-encoding to TS1/0 on input line 354.
Package textcomp Info: Setting ccr sub-encoding to TS1/0 on input line 355.
Package textcomp Info: Setting ptm sub-encoding to TS1/4 on input line 356.
Package textcomp Info: Setting pcr sub-encoding to TS1/4 on input line 357.
Package textcomp Info: Setting phv sub-encoding to TS1/4 on input line 358.
Package textcomp Info: Setting ppl sub-encoding to TS1/3 on input line 359.
Package textcomp Info: Setting pag sub-encoding to TS1/4 on input line 360.
Package textcomp Info: Setting pbk sub-encoding to TS1/4 on input line 361.
Package textcomp Info: Setting pnc sub-encoding to TS1/4 on input line 362.
Package textcomp Info: Setting pzc sub-encoding to TS1/4 on input line 363.
Package textcomp Info: Setting bch sub-encoding to TS1/4 on input line 364.
Package textcomp Info: Setting put sub-encoding to TS1/5 on input line 365.
Package textcomp Info: Setting uag sub-encoding to TS1/5 on input line 366.
Package textcomp Info: Setting ugq sub-encoding to TS1/5 on input line 367.
Package textcomp Info: Setting ul8 sub-encoding to TS1/4 on input line 368.
Package textcomp Info: Setting ul9 sub-encoding to TS1/4 on input line 369.
Package textcomp Info: Setting augie sub-encoding to TS1/5 on input line 370.
Package textcomp Info: Setting dayrom sub-encoding to TS1/3 on input line 371.
Package textcomp Info: Setting dayroms sub-encoding to TS1/3 on input line 372.

Package textcomp Info: Setting pxr sub-encoding to TS1/0 on input line 373.
Package textcomp Info: Setting pxss sub-encoding to TS1/0 on input line 374.
Package textcomp Info: Setting pxtt sub-encoding to TS1/0 on input line 375.
Package textcomp Info: Setting txr sub-encoding to TS1/0 on input line 376.
Package textcomp Info: Setting txss sub-encoding to TS1/0 on input line 377.
Package textcomp Info: Setting txtt sub-encoding to TS1/0 on input line 378.
Package textcomp Info: Setting lmr sub-encoding to TS1/0 on input line 379.
Package textcomp Info: Setting lmdh sub-encoding to TS1/0 on input line 380.
Package textcomp Info: Setting lmss sub-encoding to TS1/0 on input line 381.
Package textcomp Info: Setting lmssq sub-encoding to TS1/0 on input line 382.
Package textcomp Info: Setting lmvtt sub-encoding to TS1/0 on input line 383.
Package textcomp Info: Setting lmtt sub-encoding to TS1/0 on input line 384.
Package textcomp Info: Setting qhv sub-encoding to TS1/0 on input line 385.
Package textcomp Info: Setting qag sub-encoding to TS1/0 on input line 386.
Package textcomp Info: Setting qbk sub-encoding to TS1/0 on input line 387.
Package textcomp Info: Setting qcr sub-encoding to TS1/0 on input line 388.
Package textcomp Info: Setting qcs sub-encoding to TS1/0 on input line 389.
Package textcomp Info: Setting qpl sub-encoding to TS1/0 on input line 390.
Package textcomp Info: Setting qtm sub-encoding to TS1/0 on input line 391.
Package textcomp Info: Setting qzc sub-encoding to TS1/0 on input line 392.
Package textcomp Info: Setting qhvc sub-encoding to TS1/0 on input line 393.
Package textcomp Info: Setting futs sub-encoding to TS1/4 on input line 394.
Package textcomp Info: Setting futx sub-encoding to TS1/4 on input line 395.
Package textcomp Info: Setting futj sub-encoding to TS1/4 on input line 396.
Package textcomp Info: Setting hlh sub-encoding to TS1/3 on input line 397.
Package textcomp Info: Setting hls sub-encoding to TS1/3 on input line 398.
Package textcomp Info: Setting hlst sub-encoding to TS1/3 on input line 399.
Package textcomp Info: Setting hlct sub-encoding to TS1/5 on input line 400.
Package textcomp Info: Setting hlx sub-encoding to TS1/5 on input line 401.
Package textcomp Info: Setting hlce sub-encoding to TS1/5 on input line 402.
Package textcomp Info: Setting hlcn sub-encoding to TS1/5 on input line 403.
Package textcomp Info: Setting hlcw sub-encoding to TS1/5 on input line 404.
Package textcomp Info: Setting hlcf sub-encoding to TS1/5 on input line 405.
Package textcomp Info: Setting pplx sub-encoding to TS1/3 on input line 406.
Package textcomp Info: Setting pplj sub-encoding to TS1/3 on input line 407.
Package textcomp Info: Setting ptmx sub-encoding to TS1/4 on input line 408.
Package textcomp Info: Setting ptmj sub-encoding to TS1/4 on input line 409.
))
(/usr/share/texmf-dist/tex/latex/lineno/lineno.sty
Package: lineno 2005/11/02 line numbers on paragraphs v4.41
\linenopenalty=\count104
\output=\toks22
\linenoprevgraf=\count105
\linenumbersep=\dimen114
\linenumberwidth=\dimen115
\c@linenumber=\count106
\c@pagewiselinenumber=\count107
\c@LN@truepage=\count108
\c@internallinenumber=\count109
\c@internallinenumbers=\count110
\quotelinenumbersep=\dimen116
\bframerule=\dimen117
\bframesep=\dimen118
\bframebox=\box30
LaTeX Info: Redefining \\ on input line 3056.
)
\c@FV@TrueTabGroupLevel=\count111
\c@FV@TrueTabCounter=\count112
\FV@TabBox@Group=\box31
\FV@TmpLength=\skip46
\c@FV@HighlightLinesStart=\count113
\c@FV@HighlightLinesStop=\count114
\FV@LoopCount=\count115
\FV@NCharsBox=\box32
\FV@BreakIndent=\dimen119
\FV@BreakIndentNChars=\count116
\FV@BreakSymbolSepLeft=\dimen120
\FV@BreakSymbolSepLeftNChars=\count117
\FV@BreakSymbolSepRight=\dimen121
\FV@BreakSymbolSepRightNChars=\count118
\FV@BreakSymbolIndentLeft=\dimen122
\FV@BreakSymbolIndentLeftNChars=\count119
\FV@BreakSymbolIndentRight=\dimen123
\FV@BreakSymbolIndentRightNChars=\count120
\c@FancyVerbLineBreakLast=\count121
\FV@LineBox=\box33
\FV@LineIndentBox=\box34
\FV@LineWidth=\dimen124
)
(/usr/share/texmf-dist/tex/latex/tools/calc.sty
Package: calc 2017/05/25 v4.3 Infix arithmetic (KKT,FJ)
\calc@Acount=\count122
\calc@Bcount=\count123
\calc@Adimen=\dimen125
\calc@Bdimen=\dimen126
\calc@Askip=\skip47
\calc@Bskip=\skip48
LaTeX Info: Redefining \setlength on input line 80.
LaTeX Info: Redefining \addtolength on input line 81.
\calc@Ccount=\count124
\calc@Cskip=\skip49
)
(/usr/share/texmf-dist/tex/latex/tools/shellesc.sty
Package: shellesc 2016/06/07 v0.02a unified shell escape interface for LaTeX
Package shellesc Info: Unrestricted shell escape enabled on input line 67.
)
(/usr/share/texmf-dist/tex/latex/ifplatform/ifplatform.sty
Package: ifplatform 2017/10/13 v0.4a Testing for the operating system

(/usr/share/texmf-dist/tex/generic/oberdiek/pdftexcmds.sty
Package: pdftexcmds 2018/09/10 v0.29 Utility functions of pdfTeX for LuaTeX (HO
)

(/usr/share/texmf-dist/tex/generic/oberdiek/ifpdf.sty
Package: ifpdf 2018/09/07 v3.3 Provides the ifpdf switch
)
Package pdftexcmds Info: LuaTeX not detected.
Package pdftexcmds Info: \pdf@primitive is available.
Package pdftexcmds Info: \pdf@ifprimitive is available.
Package pdftexcmds Info: \pdfdraftmode found.
)
(/usr/share/texmf-dist/tex/generic/oberdiek/catchfile.sty
Package: catchfile 2016/05/16 v1.7 Catch the contents of a file (HO)
)
runsystem(uname -s > "main.w18")...executed.

 (./main.w18)
runsystem(rm -- "main.w18")...executed.

)
(/usr/share/texmf-dist/tex/generic/xstring/xstring.sty
(/usr/share/texmf-dist/tex/generic/xstring/xstring.tex
\integerpart=\count125
\decimalpart=\count126
)
Package: xstring 2019/02/06 v1.83 String manipulations (CT)
)
(/usr/share/texmf-dist/tex/latex/framed/framed.sty
Package: framed 2011/10/22 v 0.96: framed or shaded text with page breaks
\OuterFrameSep=\skip50
\fb@frw=\dimen127
\fb@frh=\dimen128
\FrameRule=\dimen129
\FrameSep=\dimen130
)
(/usr/share/texmf-dist/tex/latex/float/float.sty
Package: float 2001/11/08 v1.3d Float enhancements (AL)
\c@float@type=\count127
\float@exts=\toks23
\float@box=\box35
\@float@everytoks=\toks24
\@floatcapt=\box36
)
\minted@appexistsfile=\read2
\minted@bgbox=\box37
\minted@code=\write4
\c@minted@FancyVerbLineTemp=\count128
\c@minted@pygmentizecounter=\count129
\@float@every@listing=\toks25
\c@listing=\count130
)
runsystem(mkdir -p _minted-main)...executed.


(/usr/share/texmf-dist/tex/latex/xcolor/xcolor.sty
Package: xcolor 2016/05/11 v2.12 LaTeX color extensions (UK)

(/usr/share/texmf-dist/tex/latex/graphics-cfg/color.cfg
File: color.cfg 2016/01/02 v1.6 sample color configuration
)
Package xcolor Info: Driver file: pdftex.def on input line 225.
Package xcolor Info: Model `cmy' substituted by `cmy0' on input line 1348.
Package xcolor Info: Model `hsb' substituted by `rgb' on input line 1352.
Package xcolor Info: Model `RGB' extended on input line 1364.
Package xcolor Info: Model `HTML' substituted by `rgb' on input line 1366.
Package xcolor Info: Model `Hsb' substituted by `hsb' on input line 1367.
Package xcolor Info: Model `tHsb' substituted by `hsb' on input line 1368.
Package xcolor Info: Model `HSB' substituted by `hsb' on input line 1369.
Package xcolor Info: Model `Gray' substituted by `gray' on input line 1370.
Package xcolor Info: Model `wave' substituted by `hsb' on input line 1371.
)
runsystem(which pygmentize && touch main.aex)...executed.

runsystem(rm main.aex)...executed.

 (./main.aux)
\openout1 = `main.aux'.

LaTeX Font Info:    Checking defaults for OML/cmm/m/it on input line 14.
LaTeX Font Info:    ... okay on input line 14.
LaTeX Font Info:    Checking defaults for T1/cmr/m/n on input line 14.
LaTeX Font Info:    ... okay on input line 14.
LaTeX Font Info:    Checking defaults for OT1/cmr/m/n on input line 14.
LaTeX Font Info:    ... okay on input line 14.
LaTeX Font Info:    Checking defaults for OMS/cmsy/m/n on input line 14.
LaTeX Font Info:    ... okay on input line 14.
LaTeX Font Info:    Checking defaults for OMX/cmex/m/n on input line 14.
LaTeX Font Info:    ... okay on input line 14.
LaTeX Font Info:    Checking defaults for U/cmr/m/n on input line 14.
LaTeX Font Info:    ... okay on input line 14.
LaTeX Font Info:    Checking defaults for TS1/cmr/m/n on input line 14.
LaTeX Font Info:    Try loading font information for TS1+cmr on input line 14.

(/usr/share/texmf-dist/tex/latex/base/ts1cmr.fd
File: ts1cmr.fd 2014/09/29 v2.5h Standard LaTeX font definitions
)
LaTeX Font Info:    ... okay on input line 14.

(/usr/share/texmf-dist/tex/context/base/mkii/supp-pdf.mkii
[Loading MPS to PDF converter (version 2006.09.02).]
\scratchcounter=\count131
\scratchdimen=\dimen131
\scratchbox=\box38
\nofMPsegments=\count132
\nofMParguments=\count133
\everyMPshowfont=\toks26
\MPscratchCnt=\count134
\MPscratchDim=\dimen132
\MPnumerator=\count135
\makeMPintoPDFobject=\count136
\everyMPtoPDFconversion=\toks27
) (/usr/share/texmf-dist/tex/latex/oberdiek/epstopdf-base.sty
Package: epstopdf-base 2016/05/15 v2.6 Base part for package epstopdf

(/usr/share/texmf-dist/tex/latex/oberdiek/grfext.sty
Package: grfext 2016/05/16 v1.2 Manage graphics extensions (HO)

(/usr/share/texmf-dist/tex/generic/oberdiek/kvdefinekeys.sty
Package: kvdefinekeys 2016/05/16 v1.4 Define keys (HO)
))
Package epstopdf-base Info: Redefining graphics rule for `.eps' on input line 4
38.
Package grfext Info: Graphics extension search list:
(grfext)             [.pdf,.png,.jpg,.mps,.jpeg,.jbig2,.jb2,.PDF,.PNG,.JPG,.JPE
G,.JBIG2,.JB2,.eps]
(grfext)             \AppendGraphicsExtensions on input line 456.

(/usr/share/texmf-dist/tex/latex/latexconfig/epstopdf-sys.cfg
File: epstopdf-sys.cfg 2010/07/13 v1.3 Configuration of (r)epstopdf for TeX Liv
e
)) (./ex1.tex
(./_minted-main/default-pyg-prefix.pygstyle) (./_minted-main/default.pygstyle)
(./_minted-main/A0B29583E36D42E6B1BFB77C713E127DAEDC357C88A5C109DD713DE9AD5CB1F
5.pygtex
LaTeX Font Info:    Try loading font information for T1+cmtt on input line 1.
 (/usr/share/texmf-dist/tex/latex/base/t1cmtt.fd
File: t1cmtt.fd 2014/09/29 v2.5h Standard LaTeX font definitions
)
LaTeX Font Info:    Font shape `T1/cmtt/bx/n' in size <10> not available
(Font)              Font shape `T1/cmtt/m/n' tried instead on input line 157.
LaTeX Font Info:    Try loading font information for TS1+cmtt on input line 159
.

(/usr/share/texmf-dist/tex/latex/base/ts1cmtt.fd
File: ts1cmtt.fd 2014/09/29 v2.5h Standard LaTeX font definitions
))
(./_minted-main/F964CDB1E0B18CE7CAE61FCF018A6DBD9E4E41DB1D0CAE382C6664E55C8CA1B
F.pygtex [1

{/var/lib/texmf/fonts/map/pdftex/updmap/pdftex.map}])
<../plots/ex1_scatter_sequential.pdf, id=14, 462.52798pt x 346.89601pt>
File: ../plots/ex1_scatter_sequential.pdf Graphic file (type pdf)
<use ../plots/ex1_scatter_sequential.pdf>
Package pdftex.def Info: ../plots/ex1_scatter_sequential.pdf  used on input lin
e 14.
(pdftex.def)             Requested size: 310.4979pt x 232.88492pt.


LaTeX Warning: `h' float specifier changed to `ht'.

<../plots/ex1_scatter_index.pdf, id=15, 462.52798pt x 346.89601pt>
File: ../plots/ex1_scatter_index.pdf Graphic file (type pdf)
<use ../plots/ex1_scatter_index.pdf>
Package pdftex.def Info: ../plots/ex1_scatter_index.pdf  used on input line 20.

(pdftex.def)             Requested size: 310.4979pt x 232.88492pt.

LaTeX Warning: `h' float specifier changed to `ht'.

<../plots/ex1_hist_uniform.pdf, id=16, 462.52798pt x 346.89601pt>
File: ../plots/ex1_hist_uniform.pdf Graphic file (type pdf)
<use ../plots/ex1_hist_uniform.pdf>
Package pdftex.def Info: ../plots/ex1_hist_uniform.pdf  used on input line 26.
(pdftex.def)             Requested size: 310.4979pt x 232.88492pt.

LaTeX Warning: `h' float specifier changed to `ht'.

[2] [3 <../plots/ex1_scatter_sequential.pdf> <../plots/ex1_scatter_index.pdf

pdfTeX warning: pdflatex (file ../plots/ex1_scatter_index.pdf): PDF inclusion: 
multiple pdfs with page group included in a single page
>] [4 <../plots/ex1_hist_uniform.pdf>]
(./_minted-main/A0B29583E36D42E6B1BFB77C713E127DAEDC357C88A5C109DD713DE9AD5CB1F
5.pygtex)
(./_minted-main/F964CDB1E0B18CE7CAE61FCF018A6DBD9E4E41DB1D0CAE382C6664E55C8CA1B
F.pygtex)
<../plots/ex1_normal_hist.pdf, id=92, 462.52798pt x 346.89601pt>
File: ../plots/ex1_normal_hist.pdf Graphic file (type pdf)
<use ../plots/ex1_normal_hist.pdf>
Package pdftex.def Info: ../plots/ex1_normal_hist.pdf  used on input line 45.
(pdftex.def)             Requested size: 310.4979pt x 232.88492pt.
 [5

]
(./_minted-main/A0B29583E36D42E6B1BFB77C713E127DAEDC357C88A5C109DD713DE9AD5CB1F
5.pygtex [6 <../plots/ex1_normal_hist.pdf>])
(./_minted-main/068E5DAEB3D44FB8C8EF05BDA2571FFECFB06666CDAF52425BFD0FC718528CE
0.pygtex)
(./_minted-main/068E5DAEB3D44FB8C8EF05BDA2571FFECFB06666CDAF52425BFD0FC718528CE
0.pygtex [7])
(./_minted-main/A0B29583E36D42E6B1BFB77C713E127DAEDC357C88A5C109DD713DE9AD5CB1F
5.pygtex [8])
(./_minted-main/F964CDB1E0B18CE7CAE61FCF018A6DBD9E4E41DB1D0CAE382C6664E55C8CA1B
F.pygtex)
<../plots/ex1_KS_test.pdf, id=149, 462.52798pt x 346.89601pt>
File: ../plots/ex1_KS_test.pdf Graphic file (type pdf)
<use ../plots/ex1_KS_test.pdf>
Package pdftex.def Info: ../plots/ex1_KS_test.pdf  used on input line 70.
(pdftex.def)             Requested size: 310.4979pt x 232.88492pt.

(./_minted-main/A0B29583E36D42E6B1BFB77C713E127DAEDC357C88A5C109DD713DE9AD5CB1F
5.pygtex [9])
(./_minted-main/F964CDB1E0B18CE7CAE61FCF018A6DBD9E4E41DB1D0CAE382C6664E55C8CA1B
F.pygtex [10 <../plots/ex1_KS_test.pdf>])
<../plots/ex1_Kuiper_test.pdf, id=199, 462.52798pt x 346.89601pt>
File: ../plots/ex1_Kuiper_test.pdf Graphic file (type pdf)
<use ../plots/ex1_Kuiper_test.pdf>
Package pdftex.def Info: ../plots/ex1_Kuiper_test.pdf  used on input line 85.
(pdftex.def)             Requested size: 310.4979pt x 232.88492pt.

(./_minted-main/A0B29583E36D42E6B1BFB77C713E127DAEDC357C88A5C109DD713DE9AD5CB1F
5.pygtex [11 <../plots/ex1_Kuiper_test.pdf>])
(./_minted-main/F964CDB1E0B18CE7CAE61FCF018A6DBD9E4E41DB1D0CAE382C6664E55C8CA1B
F.pygtex)
<../plots/ex1_KS_2sided.pdf, id=245, 462.52798pt x 346.89601pt>
File: ../plots/ex1_KS_2sided.pdf Graphic file (type pdf)
<use ../plots/ex1_KS_2sided.pdf>
Package pdftex.def Info: ../plots/ex1_KS_2sided.pdf  used on input line 104.
(pdftex.def)             Requested size: 310.4979pt x 232.88492pt.
 [12] [13 <../plots/ex1_KS_2sided.pdf>]) (./ex2.tex
(./_minted-main/002DB0BD51C30C33815F2CC02D199343A728BD21ACD13CED6BC8BC56B24587F
5.pygtex)
<../plots/ex2_n_1.pdf, id=303, 346.89601pt x 346.89601pt>
File: ../plots/ex2_n_1.pdf Graphic file (type pdf)
<use ../plots/ex2_n_1.pdf>
Package pdftex.def Info: ../plots/ex2_n_1.pdf  used on input line 12.
(pdftex.def)             Requested size: 310.4979pt x 310.51498pt.


LaTeX Warning: `h' float specifier changed to `ht'.

<../plots/ex2_n_2.pdf, id=304, 346.89601pt x 346.89601pt>
File: ../plots/ex2_n_2.pdf Graphic file (type pdf)
<use ../plots/ex2_n_2.pdf>
Package pdftex.def Info: ../plots/ex2_n_2.pdf  used on input line 17.
(pdftex.def)             Requested size: 310.4979pt x 310.51498pt.

LaTeX Warning: `h' float specifier changed to `ht'.

<../plots/ex2_n_3.pdf, id=305, 346.89601pt x 346.89601pt>
File: ../plots/ex2_n_3.pdf Graphic file (type pdf)
<use ../plots/ex2_n_3.pdf>
Package pdftex.def Info: ../plots/ex2_n_3.pdf  used on input line 22.
(pdftex.def)             Requested size: 310.4979pt x 310.51498pt.

LaTeX Warning: `h' float specifier changed to `ht'.

[14

] [15 <../plots/ex2_n_1.pdf>] [16 <../plots/ex2_n_2.pdf>] [17 <../plots/ex2_n_3
.pdf>]) (./ex3.tex
(./_minted-main/33F3450BEDE1866A1263B349AFC4D06BF7F369314A3569613FF26CAB01C4CCC
8.pygtex [18

])
(./_minted-main/C570A821C975777711645CBDFCC97941CCB1E3A089F911EF4C182D36E3111A8
5.pygtex)
(./_minted-main/126EA04092C5E45482CCA5E80FBAFABAF8F638676B54A870BB35FDA9EF0AC6E
8.pygtex [19])
<../plots/ex3_Growth_ODE_case_1.pdf, id=405, 462.52798pt x 346.89601pt>
File: ../plots/ex3_Growth_ODE_case_1.pdf Graphic file (type pdf)
<use ../plots/ex3_Growth_ODE_case_1.pdf>
Package pdftex.def Info: ../plots/ex3_Growth_ODE_case_1.pdf  used on input line
 38.
(pdftex.def)             Requested size: 310.4979pt x 232.88492pt.


LaTeX Warning: `h' float specifier changed to `ht'.

<../plots/ex3_Growth_ODE_case_2.pdf, id=406, 462.52798pt x 346.89601pt>
File: ../plots/ex3_Growth_ODE_case_2.pdf Graphic file (type pdf)
<use ../plots/ex3_Growth_ODE_case_2.pdf>
Package pdftex.def Info: ../plots/ex3_Growth_ODE_case_2.pdf  used on input line
 44.
(pdftex.def)             Requested size: 310.4979pt x 232.88492pt.

LaTeX Warning: `h' float specifier changed to `ht'.

<../plots/ex3_Growth_ODE_case_3.pdf, id=407, 462.52798pt x 346.89601pt>
File: ../plots/ex3_Growth_ODE_case_3.pdf Graphic file (type pdf)
<use ../plots/ex3_Growth_ODE_case_3.pdf>
Package pdftex.def Info: ../plots/ex3_Growth_ODE_case_3.pdf  used on input line
 50.
(pdftex.def)             Requested size: 310.4979pt x 232.88492pt.

LaTeX Warning: `h' float specifier changed to `ht'.

[20] [21 <../plots/ex3_Growth_ODE_case_1.pdf> <../plots/ex3_Growth_ODE_case_2.p
df

pdfTeX warning: pdflatex (file ../plots/ex3_Growth_ODE_case_2.pdf): PDF inclusi
on: multiple pdfs with page group included in a single page
>] [22 <../plots/ex3_Growth_ODE_case_3.pdf>]) (./ex4.tex
(./_minted-main/2B8A96FB01BE51BBD43AB88A24FB91A926077C92808595DB5A9860825751349
A.pygtex)
(./_minted-main/94A60E6390F3B6A93CB65E00D1CB88F5770ACBC5FB15EEE378F6A146B136C5C
3.pygtex [23

])
(./_minted-main/2B8A96FB01BE51BBD43AB88A24FB91A926077C92808595DB5A9860825751349
A.pygtex)
(./_minted-main/2B8A96FB01BE51BBD43AB88A24FB91A926077C92808595DB5A9860825751349
A.pygtex)
(./_minted-main/5AE088A72B59B991BC47FD43D6EC6FF650B32E747DE8454DE700A54550C82F4
4.pygtex)
(./_minted-main/94A60E6390F3B6A93CB65E00D1CB88F5770ACBC5FB15EEE378F6A146B136C5C
3.pygtex [24])
(./_minted-main/2B8A96FB01BE51BBD43AB88A24FB91A926077C92808595DB5A9860825751349
A.pygtex)
(./_minted-main/2B8A96FB01BE51BBD43AB88A24FB91A926077C92808595DB5A9860825751349
A.pygtex)
(./_minted-main/5AE088A72B59B991BC47FD43D6EC6FF650B32E747DE8454DE700A54550C82F4
4.pygtex) [25]
(./_minted-main/0868C09FD3BE7FD219221CD1FCBD19E1C61DE58CA71C2A665036F9580C97CE9
8.pygtex)
(./_minted-main/2B8A96FB01BE51BBD43AB88A24FB91A926077C92808595DB5A9860825751349
A.pygtex)
(./_minted-main/2B8A96FB01BE51BBD43AB88A24FB91A926077C92808595DB5A9860825751349
A.pygtex [26])
<../plots/ex4_2D_ypos.pdf, id=540, 462.52798pt x 346.89601pt>
File: ../plots/ex4_2D_ypos.pdf Graphic file (type pdf)
<use ../plots/ex4_2D_ypos.pdf>
Package pdftex.def Info: ../plots/ex4_2D_ypos.pdf  used on input line 79.
(pdftex.def)             Requested size: 310.4979pt x 232.88492pt.


LaTeX Warning: `h' float specifier changed to `ht'.

<../plots/ex4_2D_yvel.pdf, id=541, 462.52798pt x 346.89601pt>
File: ../plots/ex4_2D_yvel.pdf Graphic file (type pdf)
<use ../plots/ex4_2D_yvel.pdf>
Package pdftex.def Info: ../plots/ex4_2D_yvel.pdf  used on input line 85.
(pdftex.def)             Requested size: 310.4979pt x 232.88492pt.

LaTeX Warning: `h' float specifier changed to `ht'.

[27] [28 <../plots/ex4_2D_ypos.pdf> <../plots/ex4_2D_yvel.pdf

pdfTeX warning: pdflatex (file ../plots/ex4_2D_yvel.pdf): PDF inclusion: multip
le pdfs with page group included in a single page
>]
Overfull \hbox (15.41199pt too wide) in paragraph at lines 92--95
\T1/cmr/m/n/10 found in \T1/cmtt/m/n/10 movies/3D_zeldovich/xy/ICs.mp4\T1/cmr/m
/n/10 , \T1/cmtt/m/n/10 movies/3D_zeldovich/xz/ICs.mp4\T1/cmr/m/n/10 ,
 []


(./_minted-main/2B8A96FB01BE51BBD43AB88A24FB91A926077C92808595DB5A9860825751349
A.pygtex)
(./_minted-main/2B8A96FB01BE51BBD43AB88A24FB91A926077C92808595DB5A9860825751349
A.pygtex [29

])
<../plots/ex4_3D_zpos.pdf, id=631, 462.52798pt x 346.89601pt>
File: ../plots/ex4_3D_zpos.pdf Graphic file (type pdf)
<use ../plots/ex4_3D_zpos.pdf>
Package pdftex.def Info: ../plots/ex4_3D_zpos.pdf  used on input line 101.
(pdftex.def)             Requested size: 310.4979pt x 232.88492pt.


LaTeX Warning: `h' float specifier changed to `ht'.

<../plots/ex4_3D_zvel.pdf, id=632, 462.52798pt x 346.89601pt>
File: ../plots/ex4_3D_zvel.pdf Graphic file (type pdf)
<use ../plots/ex4_3D_zvel.pdf>
Package pdftex.def Info: ../plots/ex4_3D_zvel.pdf  used on input line 107.
(pdftex.def)             Requested size: 310.4979pt x 232.88492pt.

LaTeX Warning: `h' float specifier changed to `ht'.

[30] [31 <../plots/ex4_3D_zpos.pdf> <../plots/ex4_3D_zvel.pdf

pdfTeX warning: pdflatex (file ../plots/ex4_3D_zvel.pdf): PDF inclusion: multip
le pdfs with page group included in a single page
>]) (./ex5.tex
(./_minted-main/EEEB4EE31BC8797CD2BFEF27D07344D31A949635A268C42FF1107CC728330E8
9.pygtex)
(./_minted-main/A252A308F7DD88AD7767B5974B54D608D8CD7D1CFEC17346E8E4E100AA39313
D.pygtex [32

])
<../plots/ex5_NGP_z4.pdf, id=723, 346.89601pt x 346.89601pt>
File: ../plots/ex5_NGP_z4.pdf Graphic file (type pdf)
<use ../plots/ex5_NGP_z4.pdf>
Package pdftex.def Info: ../plots/ex5_NGP_z4.pdf  used on input line 17.
(pdftex.def)             Requested size: 310.4979pt x 310.51498pt.
<../plots/ex5_NGP_z9.pdf, id=724, 346.89601pt x 346.89601pt>
File: ../plots/ex5_NGP_z9.pdf Graphic file (type pdf)
<use ../plots/ex5_NGP_z9.pdf>
Package pdftex.def Info: ../plots/ex5_NGP_z9.pdf  used on input line 23.
(pdftex.def)             Requested size: 310.4979pt x 310.51498pt.


LaTeX Warning: `h' float specifier changed to `ht'.

<../plots/ex5_NGP_z11.pdf, id=725, 346.89601pt x 346.89601pt>
File: ../plots/ex5_NGP_z11.pdf Graphic file (type pdf)
<use ../plots/ex5_NGP_z11.pdf>
Package pdftex.def Info: ../plots/ex5_NGP_z11.pdf  used on input line 29.
(pdftex.def)             Requested size: 310.4979pt x 310.51498pt.

LaTeX Warning: `h' float specifier changed to `ht'.

<../plots/ex5_NGP_z14.pdf, id=726, 346.89601pt x 346.89601pt>
File: ../plots/ex5_NGP_z14.pdf Graphic file (type pdf)
<use ../plots/ex5_NGP_z14.pdf>
Package pdftex.def Info: ../plots/ex5_NGP_z14.pdf  used on input line 35.
(pdftex.def)             Requested size: 310.4979pt x 310.51498pt.

LaTeX Warning: `h' float specifier changed to `ht'.

[33 <../plots/ex5_NGP_z4.pdf>] [34 <../plots/ex5_NGP_z9.pdf>] [35 <../plots/ex5
_NGP_z11.pdf>] [36 <../plots/ex5_NGP_z14.pdf>]
<../plots/ex5_NGP_xpos.pdf, id=848, 462.52798pt x 346.89601pt>
File: ../plots/ex5_NGP_xpos.pdf Graphic file (type pdf)
<use ../plots/ex5_NGP_xpos.pdf>
Package pdftex.def Info: ../plots/ex5_NGP_xpos.pdf  used on input line 43.
(pdftex.def)             Requested size: 310.4979pt x 232.88492pt.

(./_minted-main/EEEB4EE31BC8797CD2BFEF27D07344D31A949635A268C42FF1107CC728330E8
9.pygtex [37

 <../plots/ex5_NGP_xpos.pdf>])
(./_minted-main/A252A308F7DD88AD7767B5974B54D608D8CD7D1CFEC17346E8E4E100AA39313
D.pygtex)
<../plots/ex5_CIC_z4.pdf, id=889, 346.89601pt x 346.89601pt>
File: ../plots/ex5_CIC_z4.pdf Graphic file (type pdf)
<use ../plots/ex5_CIC_z4.pdf>
Package pdftex.def Info: ../plots/ex5_CIC_z4.pdf  used on input line 55.
(pdftex.def)             Requested size: 310.4979pt x 310.51498pt.


LaTeX Warning: `h' float specifier changed to `ht'.

<../plots/ex5_CIC_z9.pdf, id=890, 346.89601pt x 346.89601pt>
File: ../plots/ex5_CIC_z9.pdf Graphic file (type pdf)
<use ../plots/ex5_CIC_z9.pdf>
Package pdftex.def Info: ../plots/ex5_CIC_z9.pdf  used on input line 61.
(pdftex.def)             Requested size: 310.4979pt x 310.51498pt.

LaTeX Warning: `h' float specifier changed to `ht'.

<../plots/ex5_CIC_z11.pdf, id=891, 346.89601pt x 346.89601pt>
File: ../plots/ex5_CIC_z11.pdf Graphic file (type pdf)
<use ../plots/ex5_CIC_z11.pdf>
Package pdftex.def Info: ../plots/ex5_CIC_z11.pdf  used on input line 67.
(pdftex.def)             Requested size: 310.4979pt x 310.51498pt.

LaTeX Warning: `h' float specifier changed to `ht'.

<../plots/ex5_CIC_z14.pdf, id=892, 346.89601pt x 346.89601pt>
File: ../plots/ex5_CIC_z14.pdf Graphic file (type pdf)
<use ../plots/ex5_CIC_z14.pdf>
Package pdftex.def Info: ../plots/ex5_CIC_z14.pdf  used on input line 73.
(pdftex.def)             Requested size: 310.4979pt x 310.51498pt.

LaTeX Warning: `h' float specifier changed to `ht'.

[38] [39 <../plots/ex5_CIC_z4.pdf>] [40 <../plots/ex5_CIC_z9.pdf>] [41 <../plot
s/ex5_CIC_z11.pdf>] [42 <../plots/ex5_CIC_z14.pdf>]
<../plots/ex5_CIC_xpos.pdf, id=1008, 462.52798pt x 346.89601pt>
File: ../plots/ex5_CIC_xpos.pdf Graphic file (type pdf)
<use ../plots/ex5_CIC_xpos.pdf>
Package pdftex.def Info: ../plots/ex5_CIC_xpos.pdf  used on input line 80.
(pdftex.def)             Requested size: 310.4979pt x 232.88492pt.

(./_minted-main/0868C09FD3BE7FD219221CD1FCBD19E1C61DE58CA71C2A665036F9580C97CE9
8.pygtex [43

 <../plots/ex5_CIC_xpos.pdf>])
(./_minted-main/A252A308F7DD88AD7767B5974B54D608D8CD7D1CFEC17346E8E4E100AA39313
D.pygtex)
<../plots/ex5_FFT1.pdf, id=1050, 462.52798pt x 346.89601pt>
File: ../plots/ex5_FFT1.pdf Graphic file (type pdf)
<use ../plots/ex5_FFT1.pdf>
Package pdftex.def Info: ../plots/ex5_FFT1.pdf  used on input line 96.
(pdftex.def)             Requested size: 310.4979pt x 232.88492pt.


LaTeX Warning: `h' float specifier changed to `ht'.


(./_minted-main/0868C09FD3BE7FD219221CD1FCBD19E1C61DE58CA71C2A665036F9580C97CE9
8.pygtex [44])
(./_minted-main/A252A308F7DD88AD7767B5974B54D608D8CD7D1CFEC17346E8E4E100AA39313
D.pygtex [45 <../plots/ex5_FFT1.pdf>] [46])
<../plots/ex5_FFT2.pdf, id=1094, 462.52798pt x 346.89601pt>
File: ../plots/ex5_FFT2.pdf Graphic file (type pdf)
<use ../plots/ex5_FFT2.pdf>
Package pdftex.def Info: ../plots/ex5_FFT2.pdf  used on input line 112.
(pdftex.def)             Requested size: 310.4979pt x 232.88492pt.
<../plots/ex5_FFT3.pdf, id=1095, 462.52798pt x 346.89601pt>
File: ../plots/ex5_FFT3.pdf Graphic file (type pdf)
<use ../plots/ex5_FFT3.pdf>
Package pdftex.def Info: ../plots/ex5_FFT3.pdf  used on input line 119.
(pdftex.def)             Requested size: 310.4979pt x 232.88492pt.


LaTeX Warning: `h' float specifier changed to `ht'.


(./_minted-main/EEEB4EE31BC8797CD2BFEF27D07344D31A949635A268C42FF1107CC728330E8
9.pygtex)
(./_minted-main/A252A308F7DD88AD7767B5974B54D608D8CD7D1CFEC17346E8E4E100AA39313
D.pygtex [47 <../plots/ex5_FFT2.pdf>])
<../plots/ex5_pot_z4.pdf, id=1135, 346.89601pt x 346.89601pt>
File: ../plots/ex5_pot_z4.pdf Graphic file (type pdf)
<use ../plots/ex5_pot_z4.pdf>
Package pdftex.def Info: ../plots/ex5_pot_z4.pdf  used on input line 131.
(pdftex.def)             Requested size: 310.4979pt x 310.51498pt.


LaTeX Warning: `h' float specifier changed to `ht'.

<../plots/ex5_pot_z9.pdf, id=1136, 346.89601pt x 346.89601pt>
File: ../plots/ex5_pot_z9.pdf Graphic file (type pdf)
<use ../plots/ex5_pot_z9.pdf>
Package pdftex.def Info: ../plots/ex5_pot_z9.pdf  used on input line 136.
(pdftex.def)             Requested size: 310.4979pt x 310.51498pt.

LaTeX Warning: `h' float specifier changed to `ht'.

<../plots/ex5_pot_z11.pdf, id=1137, 346.89601pt x 346.89601pt>
File: ../plots/ex5_pot_z11.pdf Graphic file (type pdf)
<use ../plots/ex5_pot_z11.pdf>
Package pdftex.def Info: ../plots/ex5_pot_z11.pdf  used on input line 141.
(pdftex.def)             Requested size: 310.4979pt x 310.51498pt.

LaTeX Warning: `h' float specifier changed to `ht'.

<../plots/ex5_pot_z14.pdf, id=1138, 346.89601pt x 346.89601pt>
File: ../plots/ex5_pot_z14.pdf Graphic file (type pdf)
<use ../plots/ex5_pot_z14.pdf>
Package pdftex.def Info: ../plots/ex5_pot_z14.pdf  used on input line 146.
(pdftex.def)             Requested size: 310.4979pt x 310.51498pt.

LaTeX Warning: `h' float specifier changed to `ht'.

<../plots/ex5_pot_xz.pdf, id=1139, 346.89601pt x 346.89601pt>
File: ../plots/ex5_pot_xz.pdf Graphic file (type pdf)
<use ../plots/ex5_pot_xz.pdf>
Package pdftex.def Info: ../plots/ex5_pot_xz.pdf  used on input line 153.
(pdftex.def)             Requested size: 310.4979pt x 310.51498pt.

LaTeX Warning: `h' float specifier changed to `ht'.

<../plots/ex5_pot_yz.pdf, id=1140, 346.89601pt x 346.89601pt>
File: ../plots/ex5_pot_yz.pdf Graphic file (type pdf)
<use ../plots/ex5_pot_yz.pdf>
Package pdftex.def Info: ../plots/ex5_pot_yz.pdf  used on input line 158.
(pdftex.def)             Requested size: 310.4979pt x 310.51498pt.

LaTeX Warning: `h' float specifier changed to `ht'.

[48 <../plots/ex5_FFT3.pdf>] [49 <../plots/ex5_pot_z4.pdf>] [50 <../plots/ex5_p
ot_z9.pdf>] [51 <../plots/ex5_pot_z11.pdf>] [52 <../plots/ex5_pot_z14.pdf>]
[53 <../plots/ex5_pot_xz.pdf>] [54 <../plots/ex5_pot_yz.pdf>]) (./ex6.tex)
(./ex7.tex) (./ex8.tex) (./main.aux) ) 
Here is how much of TeX's memory you used:
 6800 strings out of 492616
 120977 string characters out of 6135177
 230979 words of memory out of 5000000
 10450 multiletter control sequences out of 15000+600000
 8399 words of font info for 24 fonts, out of 8000000 for 9000
 1141 hyphenation exceptions out of 8191
 39i,10n,35p,830b,356s stack positions out of 5000i,500n,10000p,200000b,80000s
{/usr/share/texmf-dist/fonts/enc/dvips/cm
-super/cm-super-ts1.enc}{/usr/share/texmf-dist/fonts/enc/dvips/cm-super/cm-supe
r-t1.enc}</usr/share/texmf-dist/fonts/type1/public/amsfonts/cm/cmex10.pfb></usr
/share/texmf-dist/fonts/type1/public/amsfonts/cm/cmmi10.pfb></usr/share/texmf-d
ist/fonts/type1/public/amsfonts/cm/cmmi7.pfb></usr/share/texmf-dist/fonts/type1
/public/amsfonts/cm/cmr10.pfb></usr/share/texmf-dist/fonts/type1/public/amsfont
s/cm/cmr7.pfb></usr/share/texmf-dist/fonts/type1/public/amsfonts/cm/cmsy10.pfb>
</usr/share/texmf-dist/fonts/type1/public/amsfonts/cm/cmsy7.pfb></usr/share/tex
mf-dist/fonts/type1/public/cm-super/sfbx1000.pfb></usr/share/texmf-dist/fonts/t
ype1/public/cm-super/sfbx1440.pfb></usr/share/texmf-dist/fonts/type1/public/cm-
super/sfit1000.pfb></usr/share/texmf-dist/fonts/type1/public/cm-super/sfrm1000.
pfb></usr/share/texmf-dist/fonts/type1/public/cm-super/sftt1000.pfb>
Output written on main.pdf (54 pages, 1420196 bytes).
PDF statistics:
 1366 PDF objects out of 1440 (max. 8388607)
 437 compressed objects within 5 object streams
 0 named destinations out of 1000 (max. 500000)
 181 words of extra memory for PDF output out of 10000 (max. 10000000)

